<?xml version="1.0" encoding="UTF-8"?>
<!-- Generated by org.testng.reporters.JUnitXMLReporter -->
<testsuite ignored="2" hostname="DESKTOP-9GT9N0E" failures="0" tests="1" name="Default test" time="45.9" errors="0" timestamp="30 Nov 2022 18:20:35 GMT">
  <testcase classname="testcases.SimplilearnLoginTest" name="Test1" time="35.34"/>
  <testcase classname="testcases.SimplilearnLoginTest" name="Test3" time="0.0">
    <ignored/>
  </testcase> <!-- Test3 -->
  <testcase classname="testcases.SimplilearnLoginTest" name="Test2" time="0.0">
    <ignored/>
  </testcase> <!-- Test2 -->
</testsuite> <!-- Default test -->
