<?xml version="1.0" encoding="UTF-8"?>
<!-- Generated by org.testng.reporters.JUnitXMLReporter -->
<testsuite ignored="0" hostname="DESKTOP-9GT9N0E" failures="0" tests="3" name="Test" time="37.61" errors="0" timestamp="25 Nov 2022 17:00:36 GMT">
  <testcase classname="testcases.SimplilearnLoginTest" name="Test1" time="12.474"/>
  <testcase classname="testcases.SimplilearnLoginTest" name="Test2" time="6.633"/>
  <testcase classname="testcases.SimplilearnLoginTest" name="Test3" time="7.293"/>
</testsuite> <!-- Test -->
