<?xml version="1.0" encoding="UTF-8"?>
<!-- Generated by org.testng.reporters.JUnitXMLReporter -->
<testsuite ignored="0" hostname="DESKTOP-9GT9N0E" failures="0" tests="3" name="Test" time="36.113" errors="0" timestamp="25 Nov 2022 17:03:45 GMT">
  <testcase classname="testcases.SimplilearnLoginTest" name="Test1" time="8.255"/>
  <testcase classname="testcases.SimplilearnLoginTest" name="Test2" time="11.279"/>
  <testcase classname="testcases.SimplilearnLoginTest" name="Test3" time="6.156"/>
</testsuite> <!-- Test -->
