<?xml version="1.0" encoding="UTF-8"?>
<testng-results ignored="0" total="2" passed="2" failed="0" skipped="0">
  <reporter-output>
  </reporter-output>
  <suite started-at="2022-11-30T18:23:30Z" name="Suite" finished-at="2022-11-30T18:24:35Z" duration-ms="64800">
    <groups>
    </groups>
    <test started-at="2022-11-30T18:23:30Z" name="Test" finished-at="2022-11-30T18:24:35Z" duration-ms="64800">
      <class name="testcases.SimplilearnLoginTest">
        <test-method is-config="true" signature="DataSetUp()[pri:0, instance:testcases.SimplilearnLoginTest@5524cca1]" started-at="2022-11-30T18:23:30Z" name="DataSetUp" finished-at="2022-11-30T18:23:31Z" duration-ms="1306" status="PASS">
          <reporter-output>
          </reporter-output>
        </test-method> <!-- DataSetUp -->
        <test-method is-config="true" signature="SetUp(java.lang.reflect.Method)[pri:0, instance:testcases.SimplilearnLoginTest@5524cca1]" started-at="2022-11-30T18:23:31Z" name="SetUp" finished-at="2022-11-30T18:23:40Z" duration-ms="8460" status="PASS">
          <params>
            <param index="0">
              <value>
                <![CDATA[public void testcases.SimplilearnLoginTest.Test2(java.lang.String,java.lang.String)]]>
              </value>
            </param>
          </params>
          <reporter-output>
          </reporter-output>
        </test-method> <!-- SetUp -->
        <test-method signature="Test2(java.lang.String, java.lang.String)[pri:0, instance:testcases.SimplilearnLoginTest@5524cca1]" started-at="2022-11-30T18:23:40Z" name="Test2" finished-at="2022-11-30T18:24:00Z" duration-ms="20797" status="PASS">
          <params>
            <param index="0">
              <value>
                <![CDATA[abc@xyz.com]]>
              </value>
            </param>
            <param index="1">
              <value>
                <![CDATA[Abc@1234]]>
              </value>
            </param>
          </params>
          <reporter-output>
          </reporter-output>
        </test-method> <!-- Test2 -->
        <test-method is-config="true" signature="TearDown()[pri:0, instance:testcases.SimplilearnLoginTest@5524cca1]" started-at="2022-11-30T18:24:00Z" name="TearDown" finished-at="2022-11-30T18:24:01Z" duration-ms="261" status="PASS">
          <reporter-output>
          </reporter-output>
        </test-method> <!-- TearDown -->
        <test-method is-config="true" signature="SetUp(java.lang.reflect.Method)[pri:0, instance:testcases.SimplilearnLoginTest@5524cca1]" started-at="2022-11-30T18:24:01Z" name="SetUp" finished-at="2022-11-30T18:24:06Z" duration-ms="5163" status="PASS">
          <params>
            <param index="0">
              <value>
                <![CDATA[public void testcases.SimplilearnLoginTest.Test3()]]>
              </value>
            </param>
          </params>
          <reporter-output>
          </reporter-output>
        </test-method> <!-- SetUp -->
        <test-method signature="Test3()[pri:0, instance:testcases.SimplilearnLoginTest@5524cca1]" started-at="2022-11-30T18:24:06Z" name="Test3" finished-at="2022-11-30T18:24:34Z" duration-ms="27887" status="PASS">
          <reporter-output>
          </reporter-output>
        </test-method> <!-- Test3 -->
        <test-method is-config="true" signature="TearDown()[pri:0, instance:testcases.SimplilearnLoginTest@5524cca1]" started-at="2022-11-30T18:24:34Z" name="TearDown" finished-at="2022-11-30T18:24:34Z" duration-ms="302" status="PASS">
          <reporter-output>
          </reporter-output>
        </test-method> <!-- TearDown -->
        <test-method is-config="true" signature="DataClean()[pri:0, instance:testcases.SimplilearnLoginTest@5524cca1]" started-at="2022-11-30T18:24:34Z" name="DataClean" finished-at="2022-11-30T18:24:35Z" duration-ms="581" status="PASS">
          <reporter-output>
          </reporter-output>
        </test-method> <!-- DataClean -->
      </class> <!-- testcases.SimplilearnLoginTest -->
    </test> <!-- Test -->
  </suite> <!-- Suite -->
</testng-results>
